<?xml version="1.0" encoding="UTF-8"?>
<specification xmlns:xsi="http://www.w3.org/2001/XMLSchema-instance"
	xmlns="http://jboss.com/products/weld/tec.units.tck/audit"
	xsi:schemaLocation="http://jboss.com/products/weld/tec.units.tck/audit"
	name="JSR 363 Units of Measurement" version="0.8.0" id="JSR 363"
	generateSectionIds="false">
	<section id="0" title="TCK Setup">
		<!-- Tests class TCKSetupTest -->
		<group>
			<text>Tests the correct setup of the TCK</text>
			<assertion id="Setup">
				<text>Ensure an implementation of
					tec.units.tck.util.ServiceConfiguration is registered using the
					java.util.ServiceLoader.
				</text>
			</assertion>
		</group>
	</section>
	
	<section id="4" title="API" />
	<section id="4.1" title="Packages and fundamental types" />
	<section id="4.2" title="The Unit Interface">
	   <group>
            <text>Unit implementation</text>
            <assertion id="42-A1">
                <text>Ensure at least one javax.measure.Unit implementation
                    is available/registered.
                </text>
            </assertion>
        </group>
	</section>
	<section id="4.2.1" title="Operations on Units">
       <group>
           <text>Basic Operations</text>
           <assertion id="421-A1">
               <text>Ensure the equals() operation is implemented.
               </text>
           </assertion>
           <assertion id="421-A2">
               <text>Ensure the hashCode() operation is implemented.
               </text>
           </assertion>
       </group>
    </section>
	<section id="4.2.1.2.1" title="Operations on Units with same dimension as the operand">
       <group>
            <text>Algebraic Operations</text>
            <assertion id="42121-A1">
                <text>Ensure the shift() operation is implemented.
                </text>
            </assertion>
        </group>
    </section>
	
	<section id="4.3" title="Unit Formatting" />
	
	<section id="4.4" title="The Quantity Interface">
       <group>
            <text>Quantity implementation</text>
            <assertion id="44-A1">
                <text>Ensure at least one javax.measure.Quantity implementation
                    is available/registered.
                </text>
            </assertion>
        </group>
    </section>
	
	<section id="4.5" title="Supported Quantities">
	   <group>
            <text>Base Quantities</text>
            <assertion id="45-A1">
                <text>Ensure all SI Base Quantities are used by an implementation.
                </text>
            </assertion>
        </group>
	</section>
	
	<section id="5" title="SPI" />
	<section id="5.5" title="Obtaining Quantity Instances" />
	<section id="5.5.1" title="Quantities Obtained from a factory">
		<group>
			<text>Quantities Obtained from a factory</text>
			<assertion id="551-A1">
				<text>Test QuantityFactoryService provides a QuantityFactory for
					each base quantity.
				</text>
			</assertion>
		</group>
	</section>
</specification>
